<html>
<head>
<title>TestNG:  all-tests-selenium</title>
<link href="../testng.css" rel="stylesheet" type="text/css" />
<link href="../my-testng.css" rel="stylesheet" type="text/css" />

<style type="text/css">
.log { display: none;} 
.stack-trace { display: none;} 
</style>
<script type="text/javascript">
<!--
function flip(e) {
  current = e.style.display;
  if (current == 'block') {
    e.style.display = 'none';
    return 0;
  }
  else {
    e.style.display = 'block';
    return 1;
  }
}

function toggleBox(szDivId, elem, msg1, msg2)
{
  var res = -1;  if (document.getElementById) {
    res = flip(document.getElementById(szDivId));
  }
  else if (document.all) {
    // this is the way old msie versions work
    res = flip(document.all[szDivId]);
  }
  if(elem) {
    if(res == 0) elem.innerHTML = msg1; else elem.innerHTML = msg2;
  }

}

function toggleAllBoxes() {
  if (document.getElementsByTagName) {
    d = document.getElementsByTagName('div');
    for (i = 0; i < d.length; i++) {
      if (d[i].className == 'log') {
        flip(d[i]);
      }
    }
  }
}

// -->
</script>

</head>
<body>
<h2 align='center'>all-tests-selenium</h2><table border='1' align="center">
<tr>
<td>Tests passed/Failed/Skipped:</td><td>13/1/0</td>
</tr><tr>
<td>Started on:</td><td>Mon Jul 27 10:13:47 CDT 2020</td>
</tr>
<tr><td>Total time:</td><td>836 seconds (836517 ms)</td>
</tr><tr>
<td>Included groups:</td><td></td>
</tr><tr>
<td>Excluded groups:</td><td></td>
</tr>
</table><p/>
<small><i>(Hover the method name to see the test class name)</i></small><p/>
<table width='100%' border='1' class='invocation-failed'>
<tr><td colspan='4' align='center'><b>FAILED TESTS</b></td></tr>
<tr><td><b>Test method</b></td>
<td width="30%"><b>Exception</b></td>
<td width="10%"><b>Time (seconds)</b></td>
<td><b>Instance</b></td>
</tr>
<tr>
<td title='com.objectcomputing.assessment.prasad.testcases.TC13_SuveyApp_AllSelectE2eFireFoxTest.SuveyApp_AllSelectE2eChromeTest()'><b>SuveyApp_AllSelectE2eChromeTest</b><br>Test class: com.objectcomputing.assessment.prasad.testcases.TC13_SuveyApp_AllSelectE2eFireFoxTest</td>
<td><div><pre>java.lang.AssertionError: expected [Practices] but found [Sourcing]
	at com.objectcomputing.assessment.prasad.pages.PracticesPage.valPracticesHeader(PracticesPage.java:27)
	at com.objectcomputing.assessment.prasad.testcases.TC13_SuveyApp_AllSelectE2eFireFoxTest.SuveyApp_AllSelectE2eChromeTest(TC13_SuveyApp_AllSelectE2eFireFoxTest.java:72)
	at java.base/java.util.ArrayList.forEach(ArrayList.java:1540)
... Removed 32 stack frames</pre></div><a href='#' onClick='toggleBox("stack-trace683904747", this, "Click to show all stack frames", "Click to hide stack frames")'>Click to show all stack frames</a>
<div class='stack-trace' id='stack-trace683904747'><pre>java.lang.AssertionError: expected [Practices] but found [Sourcing]
	at org.testng.Assert.fail(Assert.java:97)
	at org.testng.Assert.assertEqualsImpl(Assert.java:136)
	at org.testng.Assert.assertEquals(Assert.java:118)
	at org.testng.Assert.assertEquals(Assert.java:575)
	at org.testng.Assert.assertEquals(Assert.java:585)
	at com.objectcomputing.assessment.prasad.pages.PracticesPage.valPracticesHeader(PracticesPage.java:27)
	at com.objectcomputing.assessment.prasad.testcases.TC13_SuveyApp_AllSelectE2eFireFoxTest.SuveyApp_AllSelectE2eChromeTest(TC13_SuveyApp_AllSelectE2eFireFoxTest.java:72)
	at java.base/jdk.internal.reflect.NativeMethodAccessorImpl.invoke0(Native Method)
	at java.base/jdk.internal.reflect.NativeMethodAccessorImpl.invoke(NativeMethodAccessorImpl.java:62)
	at java.base/jdk.internal.reflect.DelegatingMethodAccessorImpl.invoke(DelegatingMethodAccessorImpl.java:43)
	at java.base/java.lang.reflect.Method.invoke(Method.java:566)
	at org.testng.internal.MethodInvocationHelper.invokeMethod(MethodInvocationHelper.java:134)
	at org.testng.internal.TestInvoker.invokeMethod(TestInvoker.java:597)
	at org.testng.internal.TestInvoker.invokeTestMethod(TestInvoker.java:173)
	at org.testng.internal.MethodRunner.runInSequence(MethodRunner.java:46)
	at org.testng.internal.TestInvoker$MethodInvocationAgent.invoke(TestInvoker.java:816)
	at org.testng.internal.TestInvoker.invokeTestMethods(TestInvoker.java:146)
	at org.testng.internal.TestMethodWorker.invokeTestMethods(TestMethodWorker.java:146)
	at org.testng.internal.TestMethodWorker.run(TestMethodWorker.java:128)
	at java.base/java.util.ArrayList.forEach(ArrayList.java:1540)
	at org.testng.TestRunner.privateRun(TestRunner.java:766)
	at org.testng.TestRunner.run(TestRunner.java:587)
	at org.testng.SuiteRunner.runTest(SuiteRunner.java:384)
	at org.testng.SuiteRunner.runSequentially(SuiteRunner.java:378)
	at org.testng.SuiteRunner.privateRun(SuiteRunner.java:337)
	at org.testng.SuiteRunner.run(SuiteRunner.java:286)
	at org.testng.SuiteRunnerWorker.runSuite(SuiteRunnerWorker.java:53)
	at org.testng.SuiteRunnerWorker.run(SuiteRunnerWorker.java:96)
	at org.testng.TestNG.runSuitesSequentially(TestNG.java:1187)
	at org.testng.TestNG.runSuitesLocally(TestNG.java:1109)
	at org.testng.TestNG.runSuites(TestNG.java:1039)
	at org.testng.TestNG.run(TestNG.java:1007)
	at org.testng.remote.AbstractRemoteTestNG.run(AbstractRemoteTestNG.java:115)
	at org.testng.remote.RemoteTestNG.initAndRun(RemoteTestNG.java:251)
	at org.testng.remote.RemoteTestNG.main(RemoteTestNG.java:77)
</pre></div></td>
<td>51</td>
<td>com.objectcomputing.assessment.prasad.testcases.TC13_SuveyApp_AllSelectE2eFireFoxTest@46fa7c39</td></tr>
</table><p>
<table width='100%' border='1' class='invocation-passed'>
<tr><td colspan='4' align='center'><b>PASSED TESTS</b></td></tr>
<tr><td><b>Test method</b></td>
<td width="30%"><b>Exception</b></td>
<td width="10%"><b>Time (seconds)</b></td>
<td><b>Instance</b></td>
</tr>
<tr>
<td title='com.objectcomputing.assessment.prasad.testcases.TC11_SurveyAppEmailVeriFireFoxTest.SurveyAppEmailVeriFireFoxTest()'><b>SurveyAppEmailVeriFireFoxTest</b><br>Test class: com.objectcomputing.assessment.prasad.testcases.TC11_SurveyAppEmailVeriFireFoxTest</td>
<td></td>
<td>48</td>
<td>com.objectcomputing.assessment.prasad.testcases.TC11_SurveyAppEmailVeriFireFoxTest@41c2284a</td></tr>
<tr>
<td title='com.objectcomputing.assessment.prasad.testcases.TC10_SurveyAppEmailVeriChromeTest.SurveyAppEmailVerificationChromeTest()'><b>SurveyAppEmailVerificationChromeTest</b><br>Test class: com.objectcomputing.assessment.prasad.testcases.TC10_SurveyAppEmailVeriChromeTest</td>
<td></td>
<td>49</td>
<td>com.objectcomputing.assessment.prasad.testcases.TC10_SurveyAppEmailVeriChromeTest@6497b078</td></tr>
<tr>
<td title='com.objectcomputing.assessment.prasad.testcases.TC06_SurveyDynamicSelectionE2e.SurveyDynamicSelection()'><b>SurveyDynamicSelection</b><br>Test class: com.objectcomputing.assessment.prasad.testcases.TC06_SurveyDynamicSelectionE2e</td>
<td></td>
<td>203</td>
<td>com.objectcomputing.assessment.prasad.testcases.TC06_SurveyDynamicSelectionE2e@55f616cf</td></tr>
<tr>
<td title='com.objectcomputing.assessment.prasad.testcases.TC12_SuveyApp_AllSelectE2eChromeTest.SuveyApp_AllSelectE2eChromeTest()'><b>SuveyApp_AllSelectE2eChromeTest</b><br>Test class: com.objectcomputing.assessment.prasad.testcases.TC12_SuveyApp_AllSelectE2eChromeTest</td>
<td></td>
<td>87</td>
<td>com.objectcomputing.assessment.prasad.testcases.TC12_SuveyApp_AllSelectE2eChromeTest@53aad5d5</td></tr>
<tr>
<td title='com.objectcomputing.assessment.prasad.testcases.TC08_PercentChecEng.totalValidationEng()'><b>totalValidationEng</b><br>Test class: com.objectcomputing.assessment.prasad.testcases.TC08_PercentChecEng</td>
<td></td>
<td>27</td>
<td>com.objectcomputing.assessment.prasad.testcases.TC08_PercentChecEng@c03cf28</td></tr>
<tr>
<td title='com.objectcomputing.assessment.prasad.testcases.TC07_PercentChecHost.totalValidationHost()'><b>totalValidationHost</b><br>Test class: com.objectcomputing.assessment.prasad.testcases.TC07_PercentChecHost</td>
<td></td>
<td>20</td>
<td>com.objectcomputing.assessment.prasad.testcases.TC07_PercentChecHost@1356d4d4</td></tr>
<tr>
<td title='com.objectcomputing.assessment.prasad.testcases.TC09_PercentCheckSourc.totalValidationSourc()'><b>totalValidationSourc</b><br>Test class: com.objectcomputing.assessment.prasad.testcases.TC09_PercentCheckSourc</td>
<td></td>
<td>36</td>
<td>com.objectcomputing.assessment.prasad.testcases.TC09_PercentCheckSourc@1329eff</td></tr>
<tr>
<td title='com.objectcomputing.assessment.prasad.testcases.TC14_SuveyAppTemperatureBarTest.verifTemperatrueBar()'><b>verifTemperatrueBar</b><br>Test class: com.objectcomputing.assessment.prasad.testcases.TC14_SuveyAppTemperatureBarTest</td>
<td></td>
<td>72</td>
<td>com.objectcomputing.assessment.prasad.testcases.TC14_SuveyAppTemperatureBarTest@1fb700ee</td></tr>
<tr>
<td title='com.objectcomputing.assessment.prasad.testcases.TC01_SuveyApp_E2e_Chrome.verifyHappyPathChrome()'><b>verifyHappyPathChrome</b><br>Test class: com.objectcomputing.assessment.prasad.testcases.TC01_SuveyApp_E2e_Chrome</td>
<td></td>
<td>82</td>
<td>com.objectcomputing.assessment.prasad.testcases.TC01_SuveyApp_E2e_Chrome@87a85e1</td></tr>
<tr>
<td title='com.objectcomputing.assessment.prasad.testcases.TC02_SuveyApp_E2e_FireFox.verifyHappyPathFireFox()'><b>verifyHappyPathFireFox</b><br>Test class: com.objectcomputing.assessment.prasad.testcases.TC02_SuveyApp_E2e_FireFox</td>
<td></td>
<td>99</td>
<td>com.objectcomputing.assessment.prasad.testcases.TC02_SuveyApp_E2e_FireFox@671a5887</td></tr>
<tr>
<td title='com.objectcomputing.assessment.prasad.testcases.TC03_HostingLabelAndDescription.verifyLabelDesEngPage()'><b>verifyLabelDesEngPage</b><br>Test class: com.objectcomputing.assessment.prasad.testcases.TC03_HostingLabelAndDescription</td>
<td></td>
<td>12</td>
<td>com.objectcomputing.assessment.prasad.testcases.TC03_HostingLabelAndDescription@5552768b</td></tr>
<tr>
<td title='com.objectcomputing.assessment.prasad.testcases.TC04_EngineeringLabelAndDescription.verifyLabelDesEngPage()'><b>verifyLabelDesEngPage</b><br>Test class: com.objectcomputing.assessment.prasad.testcases.TC04_EngineeringLabelAndDescription</td>
<td></td>
<td>18</td>
<td>com.objectcomputing.assessment.prasad.testcases.TC04_EngineeringLabelAndDescription@3c947bc5</td></tr>
<tr>
<td title='com.objectcomputing.assessment.prasad.testcases.TC05_SourcingLabelAndDescription.verifyLabelDesEngPage()'><b>verifyLabelDesEngPage</b><br>Test class: com.objectcomputing.assessment.prasad.testcases.TC05_SourcingLabelAndDescription</td>
<td></td>
<td>24</td>
<td>com.objectcomputing.assessment.prasad.testcases.TC05_SourcingLabelAndDescription@609db43b</td></tr>
</table><p>
</body>
</html>