<?xml version="1.0" encoding="UTF-8"?>
<!-- Generated by org.testng.reporters.JUnitXMLReporter -->
<testsuite ignored="0" hostname="DESKTOP-ORSF96R" failures="1" tests="14" name="all-tests-selenium" time="836.517" errors="0" timestamp="2020-07-27T10:27:44 CDT">
  <testcase classname="com.objectcomputing.assessment.prasad.testcases.TC01_SuveyApp_E2e_Chrome" name="verifyHappyPathChrome" time="82.393"/>
  <testcase classname="com.objectcomputing.assessment.prasad.testcases.TC02_SuveyApp_E2e_FireFox" name="verifyHappyPathFireFox" time="99.114"/>
  <testcase classname="com.objectcomputing.assessment.prasad.testcases.TC03_HostingLabelAndDescription" name="verifyLabelDesEngPage" time="12.285"/>
  <testcase classname="com.objectcomputing.assessment.prasad.testcases.TC04_EngineeringLabelAndDescription" name="verifyLabelDesEngPage" time="18.455"/>
  <testcase classname="com.objectcomputing.assessment.prasad.testcases.TC05_SourcingLabelAndDescription" name="verifyLabelDesEngPage" time="24.669"/>
  <testcase classname="com.objectcomputing.assessment.prasad.testcases.TC06_SurveyDynamicSelectionE2e" name="SurveyDynamicSelection" time="203.701"/>
  <testcase classname="com.objectcomputing.assessment.prasad.testcases.TC07_PercentChecHost" name="totalValidationHost" time="20.12"/>
  <testcase classname="com.objectcomputing.assessment.prasad.testcases.TC08_PercentChecEng" name="totalValidationEng" time="27.792"/>
  <testcase classname="com.objectcomputing.assessment.prasad.testcases.TC09_PercentCheckSourc" name="totalValidationSourc" time="36.938"/>
  <testcase classname="com.objectcomputing.assessment.prasad.testcases.TC10_SurveyAppEmailVeriChromeTest" name="SurveyAppEmailVerificationChromeTest" time="49.99"/>
  <testcase classname="com.objectcomputing.assessment.prasad.testcases.TC11_SurveyAppEmailVeriFireFoxTest" name="SurveyAppEmailVeriFireFoxTest" time="48.518"/>
  <testcase classname="com.objectcomputing.assessment.prasad.testcases.TC12_SuveyApp_AllSelectE2eChromeTest" name="SuveyApp_AllSelectE2eChromeTest" time="87.954"/>
  <testcase classname="com.objectcomputing.assessment.prasad.testcases.TC13_SuveyApp_AllSelectE2eFireFoxTest" name="SuveyApp_AllSelectE2eChromeTest" time="51.837">
    <failure type="java.lang.AssertionError" message="expected [Practices] but found [Sourcing]">
      <![CDATA[java.lang.AssertionError: expected [Practices] but found [Sourcing]
at com.objectcomputing.assessment.prasad.pages.PracticesPage.valPracticesHeader(PracticesPage.java:27)
at com.objectcomputing.assessment.prasad.testcases.TC13_SuveyApp_AllSelectE2eFireFoxTest.SuveyApp_AllSelectE2eChromeTest(TC13_SuveyApp_AllSelectE2eFireFoxTest.java:72)
at java.base/java.util.ArrayList.forEach(ArrayList.java:1540)
... Removed 32 stack frames]]>
    </failure>
  </testcase> <!-- SuveyApp_AllSelectE2eChromeTest -->
  <testcase classname="com.objectcomputing.assessment.prasad.testcases.TC14_SuveyAppTemperatureBarTest" name="verifTemperatrueBar" time="72.646"/>
</testsuite> <!-- all-tests-selenium -->
