<?xml version="1.0" encoding="UTF-8"?>
<testng-results ignored="0" total="1" passed="0" failed="1" skipped="0">
  <reporter-output>
  </reporter-output>
  <suite started-at="2020-07-27T12:21:30 CDT" name="Default suite" finished-at="2020-07-27T12:22:50 CDT" duration-ms="80477">
    <groups>
    </groups>
    <test started-at="2020-07-27T12:21:30 CDT" name="Default test" finished-at="2020-07-27T12:22:50 CDT" duration-ms="80477">
      <class name="com.objectcomputing.assessment.prasad.testcases.TC01_SuveyApp_E2e_Chrome">
        <test-method signature="verifyHappyPathChrome()[pri:0, instance:com.objectcomputing.assessment.prasad.testcases.TC01_SuveyApp_E2e_Chrome@7c1e2a9e]" started-at="2020-07-27T12:21:30 CDT" name="verifyHappyPathChrome" finished-at="2020-07-27T12:22:50 CDT" duration-ms="80436" status="FAIL">
          <exception class="java.lang.AssertionError">
            <message>
              <![CDATA[expected [To get to where you want to be, we recommend advancing your Hosting from PaaS to Serverless and your Practices from Catalog to Experiments.] but found [To get to where you want to be, we recommend advancing your Hosting from PaaS to Serverless and your Practices from Catalog to CI / CD.]]]>
            </message>
            <full-stacktrace>
              <![CDATA[java.lang.AssertionError: expected [To get to where you want to be, we recommend advancing your Hosting from PaaS to Serverless and your Practices from Catalog to Experiments.] but found [To get to where you want to be, we recommend advancing your Hosting from PaaS to Serverless and your Practices from Catalog to CI / CD.]
at org.testng.Assert.fail(Assert.java:97)
at org.testng.Assert.assertEqualsImpl(Assert.java:136)
at org.testng.Assert.assertEquals(Assert.java:118)
at org.testng.Assert.assertEquals(Assert.java:575)
at org.testng.Assert.assertEquals(Assert.java:585)
at com.objectcomputing.assessment.prasad.pages.SummaryPage.verifyGettingThereE2e(SummaryPage.java:691)
at com.objectcomputing.assessment.prasad.testcases.TC01_SuveyApp_E2e_Chrome.verifyHappyPathChrome(TC01_SuveyApp_E2e_Chrome.java:144)
at java.base/jdk.internal.reflect.NativeMethodAccessorImpl.invoke0(Native Method)
at java.base/jdk.internal.reflect.NativeMethodAccessorImpl.invoke(NativeMethodAccessorImpl.java:62)
at java.base/jdk.internal.reflect.DelegatingMethodAccessorImpl.invoke(DelegatingMethodAccessorImpl.java:43)
at java.base/java.lang.reflect.Method.invoke(Method.java:566)
at org.testng.internal.MethodInvocationHelper.invokeMethod(MethodInvocationHelper.java:134)
at org.testng.internal.TestInvoker.invokeMethod(TestInvoker.java:597)
at org.testng.internal.TestInvoker.invokeTestMethod(TestInvoker.java:173)
at org.testng.internal.MethodRunner.runInSequence(MethodRunner.java:46)
at org.testng.internal.TestInvoker$MethodInvocationAgent.invoke(TestInvoker.java:816)
at org.testng.internal.TestInvoker.invokeTestMethods(TestInvoker.java:146)
at org.testng.internal.TestMethodWorker.invokeTestMethods(TestMethodWorker.java:146)
at org.testng.internal.TestMethodWorker.run(TestMethodWorker.java:128)
at java.base/java.util.ArrayList.forEach(ArrayList.java:1540)
at org.testng.TestRunner.privateRun(TestRunner.java:766)
at org.testng.TestRunner.run(TestRunner.java:587)
at org.testng.SuiteRunner.runTest(SuiteRunner.java:384)
at org.testng.SuiteRunner.runSequentially(SuiteRunner.java:378)
at org.testng.SuiteRunner.privateRun(SuiteRunner.java:337)
at org.testng.SuiteRunner.run(SuiteRunner.java:286)
at org.testng.SuiteRunnerWorker.runSuite(SuiteRunnerWorker.java:53)
at org.testng.SuiteRunnerWorker.run(SuiteRunnerWorker.java:96)
at org.testng.TestNG.runSuitesSequentially(TestNG.java:1187)
at org.testng.TestNG.runSuitesLocally(TestNG.java:1109)
at org.testng.TestNG.runSuites(TestNG.java:1039)
at org.testng.TestNG.run(TestNG.java:1007)
at org.testng.remote.AbstractRemoteTestNG.run(AbstractRemoteTestNG.java:115)
at org.testng.remote.RemoteTestNG.initAndRun(RemoteTestNG.java:251)
at org.testng.remote.RemoteTestNG.main(RemoteTestNG.java:77)
]]>
            </full-stacktrace>
          </exception> <!-- java.lang.AssertionError -->
          <reporter-output>
          </reporter-output>
        </test-method> <!-- verifyHappyPathChrome -->
      </class> <!-- com.objectcomputing.assessment.prasad.testcases.TC01_SuveyApp_E2e_Chrome -->
    </test> <!-- Default test -->
  </suite> <!-- Default suite -->
</testng-results>
